<?xml version="1.0" encoding="UTF-8"?>
<!-- Generated by org.testng.reporters.JUnitReportReporter -->
<testsuite hostname="PG01CBAC" name="SmokeSuite.TC_001_SmokeTest" tests="1" failures="0" timestamp="18 Feb 2019 13:43:36 GMT" time="6.529" errors="0">
  <testcase name="smokeTest" time="6.529" classname="SmokeSuite.TC_001_SmokeTest"/>
</testsuite> <!-- SmokeSuite.TC_001_SmokeTest -->
